<?xml version='1.0' encoding='utf-8'?>
<testsuite name="ubi-stage8-b2-detection-regression" tests="66" failures="0" errors="0">
 <properties>
  <property name="runner_version" value="2.0.0" />
  <property name="behavior_policy_sha256" value="3cd4b8f5016620d0888e3bf934204e93b629c9b49213cedf8bb34dd0d9137325" />
  <property name="benign_holdout_sha256" value="daf629e3075e8d718dd543fa5457672cc5e7b4fce4fbfb2440c65207df3e59e9" />
  <property name="classification_fixture_sha256" value="38b427bfe9ea1c40c94061c9b78c4b4bee81f69070b1819cfbaeaeff3c5c88ed" />
  <property name="mutation_fixture_sha256" value="f272189cd2319c49765ea0f1e93809685c862cc825c4248a257d3cce7cc6e2d8" />
  <property name="public_fixture_sha256" value="f9c6df0810ec03fff387ecce023b8b7d31f5b79edb1379e676e063031845f02e" />
 </properties>
 <testcase classname="component" name="public-fixture-schema-valid">
  <system-out>stdout:
validated fixtures=36 valid=36 invalid=0 verdict=valid

detail:
Command returned the expected exit code.</system-out>
 </testcase>
 <testcase classname="component" name="malformed-fixture-rejected">
  <system-out>stdout:
validated fixtures=1 valid=0 invalid=1 verdict=malformed_input

detail:
Command returned the expected exit code.</system-out>
 </testcase>
 <testcase classname="component" name="replay-smoke-valid">
  <system-out>stdout:
validated total=3 valid=3 invalid=0 verdict=valid

detail:
Command returned the expected exit code.</system-out>
 </testcase>
 <testcase classname="component" name="malformed-replay-rejected">
  <system-out>stdout:
validated total=3 valid=1 invalid=2 verdict=malformed_input

detail:
Command returned the expected exit code.</system-out>
 </testcase>
 <testcase classname="component" name="public-detection-suite">
  <system-out>stdout:
suite total=36 passed=36 failed=0 verdict=pass

detail:
Command returned the expected exit code.</system-out>
 </testcase>
 <testcase classname="component" name="eight-mutation-suite">
  <system-out>stdout:
suite total=8 passed=8 failed=0 verdict=pass

detail:
Command returned the expected exit code.</system-out>
 </testcase>
 <testcase classname="component" name="twelve-holdout-schema-valid">
  <system-out>stdout:
validated fixtures=12 valid=12 invalid=0 verdict=valid

detail:
Command returned the expected exit code.</system-out>
 </testcase>
 <testcase classname="component" name="twelve-benign-holdout-suite">
  <system-out>stdout:
suite total=12 passed=12 failed=0 verdict=pass

detail:
Command returned the expected exit code.</system-out>
 </testcase>
 <testcase classname="component" name="classification-diagnostic-exit">
  <system-out>stdout:
suite total=6 passed=2 failed=4 verdict=fail

detail:
Command returned the expected exit code.</system-out>
 </testcase>
 <testcase classname="public_detection" name="P-DET-01">
  <system-out>detail:
expected=alert predicted=alert status=alerted locators=['/events/0', '/events/1'] explanation=Correlated Sysmon 1 and Security 4688 process events.</system-out>
 </testcase>
 <testcase classname="public_detection" name="P-DET-02">
  <system-out>detail:
expected=alert predicted=alert status=alerted locators=['/events/0', '/events/1'] explanation=Correlated Sysmon 1 and Security 4688 process events.</system-out>
 </testcase>
 <testcase classname="public_detection" name="P-DET-03">
  <system-out>detail:
expected=alert predicted=alert status=alerted locators=['/events/0', '/events/1'] explanation=Correlated Sysmon 1 and Security 4688 process events.</system-out>
 </testcase>
 <testcase classname="public_detection" name="P-DET-04">
  <system-out>detail:
expected=alert predicted=alert status=alerted locators=['/events/0', '/events/1'] explanation=Correlated Sysmon 1 and Security 4688 process events.</system-out>
 </testcase>
 <testcase classname="public_detection" name="P-DET-05">
  <system-out>detail:
expected=alert predicted=alert status=alerted locators=['/events/0', '/events/1'] explanation=Correlated Sysmon 1 and Security 4688 process events.</system-out>
 </testcase>
 <testcase classname="public_detection" name="P-DET-06">
  <system-out>detail:
expected=alert predicted=alert status=alerted locators=['/events/0', '/events/1'] explanation=Correlated Sysmon 1 and Security 4688 process events.</system-out>
 </testcase>
 <testcase classname="public_detection" name="P-DET-07">
  <system-out>detail:
expected=alert predicted=alert status=alerted locators=['/events/0', '/events/1'] explanation=Correlated Sysmon 1 and Security 4688 process events.</system-out>
 </testcase>
 <testcase classname="public_detection" name="P-DET-08">
  <system-out>detail:
expected=alert predicted=alert status=alerted locators=['/events/0', '/events/1'] explanation=Correlated Sysmon 1 and Security 4688 process events.</system-out>
 </testcase>
 <testcase classname="public_detection" name="P-DET-09">
  <system-out>detail:
expected=alert predicted=alert status=alerted locators=['/events/0', '/events/1'] explanation=Correlated Sysmon 1 and Security 4688 process events.</system-out>
 </testcase>
 <testcase classname="public_detection" name="P-DET-10">
  <system-out>detail:
expected=alert predicted=alert status=alerted locators=['/events/0', '/events/1'] explanation=Correlated Sysmon 1 and Security 4688 process events.</system-out>
 </testcase>
 <testcase classname="public_detection" name="P-DET-11">
  <system-out>detail:
expected=alert predicted=alert status=alerted locators=['/events/0', '/events/1'] explanation=Correlated Sysmon 1 and Security 4688 process events.</system-out>
 </testcase>
 <testcase classname="public_detection" name="P-DET-12">
  <system-out>detail:
expected=alert predicted=alert status=alerted locators=['/events/0', '/events/1'] explanation=Correlated Sysmon 1 and Security 4688 process events.</system-out>
 </testcase>
 <testcase classname="public_detection" name="P-DET-13">
  <system-out>detail:
expected=no_alert predicted=no_alert status=suppressed locators=[] explanation=No Sysmon process event matched the configured techniques.</system-out>
 </testcase>
 <testcase classname="public_detection" name="P-DET-14">
  <system-out>detail:
expected=no_alert predicted=no_alert status=suppressed locators=[] explanation=No Sysmon process event matched the configured techniques.</system-out>
 </testcase>
 <testcase classname="public_detection" name="P-DET-15">
  <system-out>detail:
expected=no_alert predicted=no_alert status=suppressed locators=[] explanation=No Sysmon process event matched the configured techniques.</system-out>
 </testcase>
 <testcase classname="public_detection" name="P-DET-16">
  <system-out>detail:
expected=no_alert predicted=no_alert status=suppressed locators=[] explanation=No Sysmon process event matched the configured techniques.</system-out>
 </testcase>
 <testcase classname="public_detection" name="P-DET-17">
  <system-out>detail:
expected=no_alert predicted=no_alert status=suppressed locators=[] explanation=No Sysmon process event matched the configured techniques.</system-out>
 </testcase>
 <testcase classname="public_detection" name="P-DET-18">
  <system-out>detail:
expected=no_alert predicted=no_alert status=suppressed locators=[] explanation=No Sysmon process event matched the configured techniques.</system-out>
 </testcase>
 <testcase classname="public_detection" name="P-DET-19">
  <system-out>detail:
expected=no_alert predicted=no_alert status=suppressed locators=[] explanation=No Sysmon process event matched the configured techniques.</system-out>
 </testcase>
 <testcase classname="public_detection" name="P-DET-20">
  <system-out>detail:
expected=no_alert predicted=no_alert status=suppressed locators=[] explanation=No Sysmon process event matched the configured techniques.</system-out>
 </testcase>
 <testcase classname="public_detection" name="P-DET-21">
  <system-out>detail:
expected=no_alert predicted=no_alert status=suppressed locators=[] explanation=No Sysmon process event matched the configured techniques.</system-out>
 </testcase>
 <testcase classname="public_detection" name="P-DET-22">
  <system-out>detail:
expected=no_alert predicted=no_alert status=suppressed locators=[] explanation=No Sysmon process event matched the configured techniques.</system-out>
 </testcase>
 <testcase classname="public_detection" name="P-DET-23">
  <system-out>detail:
expected=no_alert predicted=no_alert status=suppressed locators=[] explanation=No Sysmon process event matched the configured techniques.</system-out>
 </testcase>
 <testcase classname="public_detection" name="P-DET-24">
  <system-out>detail:
expected=no_alert predicted=no_alert status=suppressed locators=[] explanation=No Sysmon process event matched the configured techniques.</system-out>
 </testcase>
 <testcase classname="public_detection" name="P-DET-25">
  <system-out>detail:
expected=no_alert predicted=no_alert status=suppressed locators=[] explanation=No Sysmon process event matched the configured techniques.</system-out>
 </testcase>
 <testcase classname="public_detection" name="P-DET-26">
  <system-out>detail:
expected=no_alert predicted=no_alert status=suppressed locators=[] explanation=No Sysmon process event matched the configured techniques.</system-out>
 </testcase>
 <testcase classname="public_detection" name="P-DET-27">
  <system-out>detail:
expected=no_alert predicted=no_alert status=suppressed locators=[] explanation=No Sysmon process event matched the configured techniques.</system-out>
 </testcase>
 <testcase classname="public_detection" name="P-DET-28">
  <system-out>detail:
expected=no_alert predicted=no_alert status=suppressed locators=[] explanation=No Sysmon process event matched the configured techniques.</system-out>
 </testcase>
 <testcase classname="public_detection" name="P-DET-29">
  <system-out>detail:
expected=no_alert predicted=no_alert status=suppressed locators=[] explanation=No Sysmon process event matched the configured techniques.</system-out>
 </testcase>
 <testcase classname="public_detection" name="P-DET-30">
  <system-out>detail:
expected=no_alert predicted=no_alert status=suppressed locators=[] explanation=No Sysmon process event matched the configured techniques.</system-out>
 </testcase>
 <testcase classname="public_detection" name="P-DET-31">
  <system-out>detail:
expected=no_alert predicted=no_alert status=suppressed locators=[] explanation=No Sysmon process event matched the configured techniques.</system-out>
 </testcase>
 <testcase classname="public_detection" name="P-DET-32">
  <system-out>detail:
expected=no_alert predicted=no_alert status=suppressed locators=[] explanation=No Sysmon process event matched the configured techniques.</system-out>
 </testcase>
 <testcase classname="public_detection" name="P-DET-33">
  <system-out>detail:
expected=no_alert predicted=no_alert status=suppressed locators=[] explanation=No Sysmon process event matched the configured techniques.</system-out>
 </testcase>
 <testcase classname="public_detection" name="P-DET-34">
  <system-out>detail:
expected=no_alert predicted=no_alert status=suppressed locators=[] explanation=No Sysmon process event matched the configured techniques.</system-out>
 </testcase>
 <testcase classname="public_detection" name="P-DET-35">
  <system-out>detail:
expected=no_alert predicted=no_alert status=suppressed locators=[] explanation=No Sysmon process event matched the configured techniques.</system-out>
 </testcase>
 <testcase classname="public_detection" name="P-DET-36">
  <system-out>detail:
expected=no_alert predicted=no_alert status=suppressed locators=[] explanation=No Sysmon process event matched the configured techniques.</system-out>
 </testcase>
 <testcase classname="mutation_detection" name="MUT-01-RENAMED-BINARY">
  <system-out>detail:
expected=alert predicted=alert status=alerted locators=['/events/0', '/events/1'] explanation=Correlated Sysmon 1 and Security 4688 process events.</system-out>
 </testcase>
 <testcase classname="mutation_detection" name="MUT-02-DIFFERENT-ENCODING">
  <system-out>detail:
expected=alert predicted=alert status=alerted locators=['/events/0', '/events/1'] explanation=Correlated Sysmon 1 and Security 4688 process events.</system-out>
 </testcase>
 <testcase classname="mutation_detection" name="MUT-03-REMOVED-COMMAND-FAMILY">
  <system-out>detail:
expected=alert predicted=alert status=alerted locators=['/events/0', '/events/1'] explanation=Correlated Sysmon 1 and Security 4688 process events.</system-out>
 </testcase>
 <testcase classname="mutation_detection" name="MUT-04-OUTSIDE-TIME-WINDOW">
  <system-out>detail:
expected=no_alert predicted=no_alert status=suppressed locators=['/events/0'] explanation=Technique matched, but no Security 4688 event matched the process, parent, and time window.</system-out>
 </testcase>
 <testcase classname="mutation_detection" name="MUT-05-CHANGED-PARENT">
  <system-out>detail:
expected=alert predicted=alert status=alerted locators=['/events/0', '/events/1'] explanation=Correlated Sysmon 1 and Security 4688 process events.</system-out>
 </testcase>
 <testcase classname="mutation_detection" name="MUT-06-FULL-PATH-AND-CASE">
  <system-out>detail:
expected=alert predicted=alert status=alerted locators=['/events/0', '/events/1'] explanation=Correlated Sysmon 1 and Security 4688 process events.</system-out>
 </testcase>
 <testcase classname="mutation_detection" name="MUT-07-CHANNEL-ALIASES">
  <system-out>detail:
expected=alert predicted=alert status=alerted locators=['/events/0', '/events/1'] explanation=Correlated Sysmon 1 and Security 4688 process events.</system-out>
 </testcase>
 <testcase classname="mutation_detection" name="MUT-08-WINDOW-BOUNDARY">
  <system-out>detail:
expected=alert predicted=alert status=alerted locators=['/events/0', '/events/1'] explanation=Correlated Sysmon 1 and Security 4688 process events.</system-out>
 </testcase>
 <testcase classname="benign_holdout" name="HOLDOUT-01-SYSTEM-INVENTORY">
  <system-out>detail:
expected=no_alert predicted=no_alert status=suppressed locators=[] explanation=No Sysmon process event matched the configured techniques.</system-out>
 </testcase>
 <testcase classname="benign_holdout" name="HOLDOUT-02-USER-INVENTORY">
  <system-out>detail:
expected=no_alert predicted=no_alert status=suppressed locators=[] explanation=No Sysmon process event matched the configured techniques.</system-out>
 </testcase>
 <testcase classname="benign_holdout" name="HOLDOUT-03-NETWORK-INVENTORY">
  <system-out>detail:
expected=no_alert predicted=no_alert status=suppressed locators=[] explanation=No Sysmon process event matched the configured techniques.</system-out>
 </testcase>
 <testcase classname="benign_holdout" name="HOLDOUT-04-PROCESS-INVENTORY">
  <system-out>detail:
expected=no_alert predicted=no_alert status=suppressed locators=[] explanation=No Sysmon process event matched the configured techniques.</system-out>
 </testcase>
 <testcase classname="benign_holdout" name="HOLDOUT-05-INCOMPLETE-POWERSHELL">
  <system-out>detail:
expected=no_alert predicted=no_alert status=suppressed locators=['/events/0'] explanation=Technique matched, but no Security 4688 event matched the process, parent, and time window.</system-out>
 </testcase>
 <testcase classname="benign_holdout" name="HOLDOUT-06-MISMATCHED-IMAGE">
  <system-out>detail:
expected=no_alert predicted=no_alert status=suppressed locators=['/events/0'] explanation=Technique matched, but no Security 4688 event matched the process, parent, and time window.</system-out>
 </testcase>
 <testcase classname="benign_holdout" name="HOLDOUT-07-MISMATCHED-PARENT">
  <system-out>detail:
expected=no_alert predicted=no_alert status=suppressed locators=['/events/0'] explanation=Technique matched, but no Security 4688 event matched the process, parent, and time window.</system-out>
 </testcase>
 <testcase classname="benign_holdout" name="HOLDOUT-08-OUTSIDE-WINDOW">
  <system-out>detail:
expected=no_alert predicted=no_alert status=suppressed locators=['/events/0'] explanation=Technique matched, but no Security 4688 event matched the process, parent, and time window.</system-out>
 </testcase>
 <testcase classname="benign_holdout" name="HOLDOUT-09-NEGATIVE-DELTA">
  <system-out>detail:
expected=no_alert predicted=no_alert status=suppressed locators=['/events/0'] explanation=Technique matched, but no Security 4688 event matched the process, parent, and time window.</system-out>
 </testcase>
 <testcase classname="benign_holdout" name="HOLDOUT-10-REVERSED-BENIGN-ORDER">
  <system-out>detail:
expected=no_alert predicted=no_alert status=suppressed locators=[] explanation=No Sysmon process event matched the configured techniques.</system-out>
 </testcase>
 <testcase classname="benign_holdout" name="HOLDOUT-11-SECURITY-ONLY">
  <system-out>detail:
expected=no_alert predicted=no_alert status=suppressed locators=[] explanation=No Sysmon process event matched the configured techniques.</system-out>
 </testcase>
 <testcase classname="benign_holdout" name="HOLDOUT-12-MISSING-TIME-RELATION">
  <system-out>detail:
expected=no_alert predicted=no_alert status=suppressed locators=['/events/0'] explanation=Technique matched, but no Security 4688 event matched the process, parent, and time window.</system-out>
 </testcase>
 <testcase classname="classification" name="six-outcome-classification-contract">
  <system-out>stdout:
{"DIAG-ALERTED": "alerted", "DIAG-NO-TELEMETRY": "no_telemetry", "DIAG-PARSE-FAILURE": "parse_failure", "DIAG-RULE-MISS": "rule_miss", "DIAG-SUPPRESSED": "suppressed", "DIAG-UNEXPECTED-ALERT": "unexpected_alert"}

detail:
All six B2 outcome classifications were produced.</system-out>
 </testcase>
</testsuite>